mode: atomic
github.com/rusik69/shortener/internal/middleware/captcha.go:23.76,24.46 1 0
github.com/rusik69/shortener/internal/middleware/captcha.go:24.46,25.72 1 0
github.com/rusik69/shortener/internal/middleware/captcha.go:25.72,28.4 1 0
github.com/rusik69/shortener/internal/middleware/captcha.go:33.66,40.16 4 0
github.com/rusik69/shortener/internal/middleware/captcha.go:40.16,42.3 1 0
github.com/rusik69/shortener/internal/middleware/captcha.go:45.2,48.46 3 0
github.com/rusik69/shortener/internal/middleware/captcha.go:48.46,50.3 1 0
github.com/rusik69/shortener/internal/middleware/captcha.go:52.2,52.36 1 0
github.com/rusik69/shortener/internal/middleware/captcha.go:56.46,60.24 4 0
github.com/rusik69/shortener/internal/middleware/captcha.go:60.24,62.3 1 0
github.com/rusik69/shortener/internal/middleware/captcha.go:63.2,63.23 1 0
github.com/rusik69/shortener/internal/middleware/captcha.go:66.52,71.30 3 0
github.com/rusik69/shortener/internal/middleware/captcha.go:71.30,72.30 1 0
github.com/rusik69/shortener/internal/middleware/captcha.go:72.30,74.4 1 0
github.com/rusik69/shortener/internal/middleware/captcha.go:78.2,79.23 2 0
github.com/rusik69/shortener/internal/middleware/captcha.go:79.23,87.26 2 0
github.com/rusik69/shortener/internal/middleware/captcha.go:87.26,88.27 1 0
github.com/rusik69/shortener/internal/middleware/captcha.go:88.27,89.39 1 0
github.com/rusik69/shortener/internal/middleware/captcha.go:89.39,91.6 1 0
github.com/rusik69/shortener/internal/middleware/captcha.go:96.2,96.12 1 0
github.com/rusik69/shortener/internal/middleware/captcha.go:99.67,103.13 3 0
github.com/rusik69/shortener/internal/middleware/captcha.go:103.13,104.29 1 0
github.com/rusik69/shortener/internal/middleware/captcha.go:104.29,106.4 1 0
github.com/rusik69/shortener/internal/middleware/captcha.go:107.3,107.9 1 0
github.com/rusik69/shortener/internal/middleware/captcha.go:110.2,110.13 1 0
github.com/rusik69/shortener/internal/middleware/captcha.go:110.13,111.29 1 0
github.com/rusik69/shortener/internal/middleware/captcha.go:111.29,113.4 1 0
github.com/rusik69/shortener/internal/middleware/captcha.go:114.3,114.9 1 0
github.com/rusik69/shortener/internal/middleware/captcha.go:117.2,120.16 3 0
github.com/rusik69/shortener/internal/middleware/captcha.go:120.16,122.13 2 0
github.com/rusik69/shortener/internal/middleware/captcha.go:122.13,124.4 1 0
github.com/rusik69/shortener/internal/middleware/captcha.go:125.3,127.36 3 0
github.com/rusik69/shortener/internal/middleware/captcha.go:127.36,129.14 2 0
github.com/rusik69/shortener/internal/middleware/captcha.go:129.14,132.5 2 0
github.com/rusik69/shortener/internal/middleware/captcha.go:133.4,133.12 1 0
github.com/rusik69/shortener/internal/middleware/captcha.go:135.8,137.13 2 0
github.com/rusik69/shortener/internal/middleware/captcha.go:137.13,139.4 1 0
github.com/rusik69/shortener/internal/middleware/captcha.go:140.3,142.36 3 0
github.com/rusik69/shortener/internal/middleware/captcha.go:142.36,144.14 2 0
github.com/rusik69/shortener/internal/middleware/captcha.go:144.14,147.5 2 0
github.com/rusik69/shortener/internal/middleware/captcha.go:148.4,148.12 1 0
github.com/rusik69/shortener/internal/middleware/captcha.go:153.21,154.11 1 0
github.com/rusik69/shortener/internal/middleware/captcha.go:154.11,156.3 1 0
github.com/rusik69/shortener/internal/middleware/captcha.go:157.2,157.10 1 0
github.com/rusik69/shortener/internal/middleware/rate_limiter.go:25.44,26.30 1 0
github.com/rusik69/shortener/internal/middleware/rate_limiter.go:26.30,35.44 5 0
github.com/rusik69/shortener/internal/middleware/rate_limiter.go:35.44,37.28 2 0
github.com/rusik69/shortener/internal/middleware/rate_limiter.go:37.28,38.28 1 0
github.com/rusik69/shortener/internal/middleware/rate_limiter.go:38.28,40.6 1 0
github.com/rusik69/shortener/internal/middleware/rate_limiter.go:42.4,42.29 1 0
github.com/rusik69/shortener/internal/middleware/rate_limiter.go:46.3,46.34 1 0
github.com/rusik69/shortener/internal/middleware/rate_limiter.go:46.34,50.4 3 0
github.com/rusik69/shortener/internal/middleware/rate_limiter.go:53.3,55.11 2 0
github.com/rusik69/shortener/cmd/shortener/main.go:15.38,18.16 3 0
github.com/rusik69/shortener/cmd/shortener/main.go:18.16,20.3 1 0
github.com/rusik69/shortener/cmd/shortener/main.go:22.2,22.34 1 0
github.com/rusik69/shortener/cmd/shortener/main.go:22.34,24.3 1 0
github.com/rusik69/shortener/cmd/shortener/main.go:26.2,26.16 1 0
github.com/rusik69/shortener/cmd/shortener/main.go:29.13,32.16 2 0
github.com/rusik69/shortener/cmd/shortener/main.go:32.16,34.3 1 0
github.com/rusik69/shortener/cmd/shortener/main.go:35.2,48.16 6 0
github.com/rusik69/shortener/cmd/shortener/main.go:48.16,50.3 1 0
github.com/rusik69/shortener/cmd/shortener/main.go:52.2,53.47 2 0
github.com/rusik69/shortener/cmd/shortener/main.go:53.47,55.3 1 0
github.com/rusik69/shortener/internal/db/models.go:68.43,70.2 1 0
github.com/rusik69/shortener/internal/db/models.go:76.124,78.2 1 0
github.com/rusik69/shortener/internal/db/models.go:80.77,82.2 1 0
github.com/rusik69/shortener/internal/db/models.go:84.66,86.2 1 0
github.com/rusik69/shortener/internal/db/models.go:88.78,90.2 1 0
github.com/rusik69/shortener/internal/db/models.go:92.97,94.2 1 0
github.com/rusik69/shortener/internal/db/models.go:96.81,98.2 1 0
github.com/rusik69/shortener/internal/db/models.go:100.66,102.2 1 0
github.com/rusik69/shortener/internal/db/models.go:104.81,106.2 1 0
github.com/rusik69/shortener/internal/db/models.go:108.102,110.2 1 0
